android/app/build/intermediates/manifest_merge_blame_file/debug/manifest-merger-blame-debug-report.txt
1<?xml version="1.0" encoding="utf-8"?>
2<manifest xmlns:android="http://schemas.android.com/apk/res/android"
3    package="com.newproject"
4    android:requestLegacyExternalStorage="true"
5    android:versionCode="1"
6    android:versionName="1.0" >
7
8    <uses-sdk
9        android:minSdkVersion="24"
10        android:targetSdkVersion="29" />
11
12    <uses-permission android:name="android.permission.SYSTEM_ALERT_WINDOW" />
12-->src\debug\AndroidManifest.xml:7:5-77
12-->src\debug\AndroidManifest.xml:7:22-75
13    <uses-permission android:name="android.permission.CAMERA" />
13-->src\main\AndroidManifest.xml:8:5-64
13-->src\main\AndroidManifest.xml:8:22-62
14    <uses-permission android:name="android.permission.WRITE_EXTERNAL_STORAGE" />
14-->src\main\AndroidManifest.xml:9:5-80
14-->src\main\AndroidManifest.xml:9:22-78
15    <uses-permission android:name="android.permission.READ_EXTERNAL_STORAGE" />
15-->src\main\AndroidManifest.xml:10:5-79
15-->src\main\AndroidManifest.xml:10:22-77
16
17    <uses-feature android:name="android.hardware.camera" />
17-->src\main\AndroidManifest.xml:11:5-60
17-->src\main\AndroidManifest.xml:11:19-57
18
19    <uses-permission android:name="android.permission.INTERNET" /> <!-- Required to access Google Play Licensing -->
19-->src\main\AndroidManifest.xml:6:5-67
19-->src\main\AndroidManifest.xml:6:22-64
20    <uses-permission android:name="com.android.vending.CHECK_LICENSE" />
20-->[:rn-fetch-blob] AndroidManifest.xml:10:5-73
20-->[:rn-fetch-blob] AndroidManifest.xml:10:22-70
21    <!--
22         Required to keep CPU alive while downloading files
23        (NOT to keep screen awake)
24    -->
25    <uses-permission android:name="android.permission.WAKE_LOCK" />
25-->[:rn-fetch-blob] AndroidManifest.xml:19:5-68
25-->[:rn-fetch-blob] AndroidManifest.xml:19:22-65
26    <!--
27         Required to poll the state of the network connection
28        and respond to changes
29    -->
30    <uses-permission android:name="android.permission.ACCESS_NETWORK_STATE" /> <!-- Required to check whether Wi-Fi is enabled -->
30-->[:rn-fetch-blob] AndroidManifest.xml:25:5-79
30-->[:rn-fetch-blob] AndroidManifest.xml:25:22-76
31    <uses-permission android:name="android.permission.ACCESS_WIFI_STATE" />
31-->[:rn-fetch-blob] AndroidManifest.xml:28:5-76
31-->[:rn-fetch-blob] AndroidManifest.xml:28:22-73
32
33    <application
33-->src\main\AndroidManifest.xml:13:5-32:19
34        android:name="com.newproject.MainApplication"
34-->src\main\AndroidManifest.xml:14:7-38
35        android:allowBackup="false"
35-->src\main\AndroidManifest.xml:18:7-34
36        android:appComponentFactory="androidx.core.app.CoreComponentFactory"
36-->[androidx.core:core:1.6.0] AndroidManifest.xml:24:18-86
37        android:debuggable="true"
38        android:extractNativeLibs="false"
39        android:icon="@mipmap/ic_launcher"
39-->src\main\AndroidManifest.xml:16:7-41
40        android:label="@string/app_name"
40-->src\main\AndroidManifest.xml:15:7-39
41        android:roundIcon="@mipmap/ic_launcher_round"
41-->src\main\AndroidManifest.xml:17:7-52
42        android:testOnly="true"
43        android:theme="@style/AppTheme"
43-->src\main\AndroidManifest.xml:19:7-38
44        android:usesCleartextTraffic="true" >
44-->src\main\AndroidManifest.xml:20:9-44
45        <activity
45-->src\main\AndroidManifest.xml:21:7-30:18
46            android:name="com.newproject.MainActivity"
46-->src\main\AndroidManifest.xml:22:9-37
47            android:configChanges="keyboard|keyboardHidden|orientation|screenSize"
47-->src\main\AndroidManifest.xml:24:9-79
48            android:label="@string/app_name"
48-->src\main\AndroidManifest.xml:23:9-41
49            android:windowSoftInputMode="adjustResize" >
49-->src\main\AndroidManifest.xml:25:9-51
50            <intent-filter>
50-->src\main\AndroidManifest.xml:26:9-29:25
51                <action android:name="android.intent.action.MAIN" />
51-->src\main\AndroidManifest.xml:27:13-65
51-->src\main\AndroidManifest.xml:27:21-62
52
53                <category android:name="android.intent.category.LAUNCHER" />
53-->src\main\AndroidManifest.xml:28:13-73
53-->src\main\AndroidManifest.xml:28:23-70
54            </intent-filter>
55        </activity>
56        <activity android:name="com.facebook.react.devsupport.DevSettingsActivity" />
56-->src\main\AndroidManifest.xml:31:7-84
56-->src\main\AndroidManifest.xml:31:17-81
57
58        <provider
58-->[:rn-fetch-blob] AndroidManifest.xml:34:9-42:20
59            android:name="com.RNFetchBlob.Utils.FileProvider"
59-->[:rn-fetch-blob] AndroidManifest.xml:35:13-62
60            android:authorities="com.newproject.provider"
60-->[:rn-fetch-blob] AndroidManifest.xml:36:13-60
61            android:exported="false"
61-->[:rn-fetch-blob] AndroidManifest.xml:37:13-37
62            android:grantUriPermissions="true" >
62-->[:rn-fetch-blob] AndroidManifest.xml:38:13-47
63            <meta-data
63-->[:rn-fetch-blob] AndroidManifest.xml:39:13-41:58
64                android:name="android.support.FILE_PROVIDER_PATHS"
64-->[:rn-fetch-blob] AndroidManifest.xml:40:17-67
65                android:resource="@xml/provider_paths" />
65-->[:rn-fetch-blob] AndroidManifest.xml:41:17-55
66        </provider>
67        <provider
67-->[:react-native-image-picker] AndroidManifest.xml:10:9-18:20
68            android:name="com.imagepicker.FileProvider"
68-->[:react-native-image-picker] AndroidManifest.xml:11:13-56
69            android:authorities="com.newproject.provider"
69-->[:react-native-image-picker] AndroidManifest.xml:12:13-60
70            android:exported="false"
70-->[:react-native-image-picker] AndroidManifest.xml:13:13-37
71            android:grantUriPermissions="true" >
71-->[:react-native-image-picker] AndroidManifest.xml:14:13-47
72            <meta-data
72-->[:rn-fetch-blob] AndroidManifest.xml:39:13-41:58
73                android:name="android.support.FILE_PROVIDER_PATHS"
73-->[:rn-fetch-blob] AndroidManifest.xml:40:17-67
74                android:resource="@xml/provider_paths" />
74-->[:rn-fetch-blob] AndroidManifest.xml:41:17-55
75        </provider>
76    </application>
77
78</manifest>